<?xml version="1.0" encoding="UTF-8"?>
<testng-results skipped="0" failed="0" total="1" passed="1">
  <reporter-output>
  </reporter-output>
  <suite name="Suite" duration-ms="13203" started-at="2016-01-04T10:57:39Z" finished-at="2016-01-04T10:57:52Z">
    <groups>
    </groups>
    <test name="Test" duration-ms="13203" started-at="2016-01-04T10:57:39Z" finished-at="2016-01-04T10:57:52Z">
      <class name="homepage.NewTest1">
        <test-method status="PASS" signature="f()[pri:0, instance:homepage.NewTest1@71f2a7d5]" name="f" duration-ms="13189" started-at="2016-01-04T16:27:39Z" finished-at="2016-01-04T16:27:52Z">
          <reporter-output>
          </reporter-output>
        </test-method> <!-- f -->
      </class> <!-- homepage.NewTest1 -->
    </test> <!-- Test -->
  </suite> <!-- Suite -->
</testng-results>
