<?xml version="1.0" encoding="UTF-8"?>
<testng-results>
  <reporter-output>
  </reporter-output>
  <suite name="Demo" duration-ms="31" started-at="2015-12-28T15:41:23Z" finished-at="2015-12-28T15:41:23Z">
    <groups>
    </groups>
    <test name="TC001" duration-ms="31" started-at="2015-12-28T15:41:23Z" finished-at="2015-12-28T15:41:23Z">
      <class name="Test1234">
        <test-method status="PASS" signature="open()" name="open" duration-ms="15" started-at="2015-12-28T15:41:23Z" finished-at="2015-12-28T15:41:23Z">
        </test-method>
      </class>
    </test>
  </suite>
</testng-results>
