<?xml version="1.0" encoding="UTF-8"?>
<!-- Generated by org.testng.reporters.JUnitXMLReporter -->
<testsuite hostname="NeoD-mrathod" name="Default test" tests="1" failures="1" timestamp="11 Jan 2016 08:35:23 GMT" time="45.706" errors="0">
  <testcase name="f" time="45.686" classname="homepage.NewTest1">
    <failure type="org.openqa.selenium.WebDriverException" message="Failed to connect to binary FirefoxBinary(C:\Program Files\Mozilla Firefox\firefox.exe) on port 7055; process output follows: 
474-a285-3208198ce6fd}&amp;quot;,&amp;quot;syncGUID&amp;quot;:&amp;quot;VXDNCviYECqa&amp;quot;,&amp;quot;location&amp;quot;:&amp;quot;app-global&amp;quot;,&amp;quot;version&amp;quot;:&amp;quot;43.0.4&amp;quot;,&amp;quot;type&amp;quot;:&amp;quot;theme&amp;quot;,&amp;quot;internalName&amp;quot;:&amp;quot;classic/1.0&amp;quot;,&amp;quot;updateURL&amp;quot;:null,&amp;quot;updateKey&amp;quot;:null,&amp;quot;optionsURL&amp;quot;:null,&amp;quot;optionsType&amp;quot;:null,&amp;quot;aboutURL&amp;quot;:null,&amp;quot;iconURL&amp;quot;:null,&amp;quot;icon64URL&amp;quot;:null,&amp;quot;defaultLocale&amp;quot;:{&amp;quot;name&amp;quot;:&amp;quot;Default&amp;quot;,&amp;quot;description&amp;quot;:&amp;quot;The default theme.&amp;quot;,&amp;quot;creator&amp;quot;:&amp;quot;Mozilla&amp;quot;,&amp;quot;homepageURL&amp;quot;:null,&amp;quot;contributors&amp;quot;:[&amp;quot;Mozilla Contributors&amp;quot;]},&amp;quot;visible&amp;quot;:true,&amp;quot;active&amp;quot;:true,&amp;quot;userDisabled&amp;quot;:false,&amp;quot;appDisabled&amp;quot;:false,&amp;quot;descriptor&amp;quot;:&amp;quot;C:\\Program Files\\Mozilla Firefox\\browser\\extensions\\{972ce4c6-7e08-4474-a285-3208198ce6fd}&amp;quot;,&amp;quot;installDate&amp;quot;:1452501263331,&amp;quot;updateDate&amp;quot;:1452501263331,&amp;quot;applyBackgroundUpdates&amp;quot;:1,&amp;quot;skinnable&amp;quot;:true,&amp;quot;size&amp;quot;:24172,&amp;quot;sourceURI&amp;quot;:null,&amp;quot;releaseNotesURI&amp;quot;:null,&amp;quot;softDisabled&amp;quot;:false,&amp;quot;foreignInstall&amp;quot;:false,&amp;quot;hasBinaryComponents&amp;quot;:false,&amp;quot;strictCompatibility&amp;quot;:true,&amp;quot;locales&amp;quot;:[],&amp;quot;targetApplications&amp;quot;:[{&amp;quot;id&amp;quot;:&amp;quot;{ec8030f7-c20a-464f-9b0e-13a3a9e97384}&amp;quot;,&amp;quot;minVersion&amp;quot;:&amp;quot;43.0.4&amp;quot;,&amp;quot;maxVersion&amp;quot;:&amp;quot;43.0.4&amp;quot;}],&amp;quot;targetPlatforms&amp;quot;:[]}
1452501278665	addons.xpi	DEBUG	getModTime: Recursive scan of {972ce4c6-7e08-4474-a285-3208198ce6fd}
1452501278666	DeferredSave.extensions.json	DEBUG	Save changes
1452501278667	addons.xpi	DEBUG	Updating database with changes to installed add-ons
1452501278667	addons.xpi-utils	DEBUG	Updating add-on states
1452501278667	addons.xpi-utils	DEBUG	Writing add-ons list
1452501278681	addons.manager	DEBUG	Registering shutdown blocker for XPIProvider
1452501278681	addons.manager	DEBUG	Provider finished startup: XPIProvider
1452501278682	addons.manager	DEBUG	Starting provider: LightweightThemeManager
1452501278682	addons.manager	DEBUG	Registering shutdown blocker for LightweightThemeManager
1452501278682	addons.manager	DEBUG	Provider finished startup: LightweightThemeManager
1452501278683	addons.manager	DEBUG	Starting provider: GMPProvider
1452501278690	addons.manager	DEBUG	Registering shutdown blocker for GMPProvider
1452501278690	addons.manager	DEBUG	Provider finished startup: GMPProvider
1452501278691	addons.manager	DEBUG	Starting provider: PluginProvider
1452501278691	addons.manager	DEBUG	Registering shutdown blocker for PluginProvider
1452501278691	addons.manager	DEBUG	Provider finished startup: PluginProvider
1452501278691	addons.manager	DEBUG	Completed startup sequence
1452501279588	addons.manager	DEBUG	Starting provider: &amp;lt;unnamed-provider&amp;gt;
1452501279588	addons.manager	DEBUG	Registering shutdown blocker for &amp;lt;unnamed-provider&amp;gt;
1452501279589	addons.manager	DEBUG	Provider finished startup: &amp;lt;unnamed-provider&amp;gt;
1452501280189	DeferredSave.extensions.json	DEBUG	Starting write
1452501280421	addons.repository	DEBUG	No addons.json found.
1452501280421	DeferredSave.addons.json	DEBUG	Save changes
1452501280423	DeferredSave.addons.json	DEBUG	Starting timer
1452501280432	addons.manager	DEBUG	Starting provider: PreviousExperimentProvider
1452501280432	addons.manager	DEBUG	Registering shutdown blocker for PreviousExperimentProvider
1452501280432	addons.manager	DEBUG	Provider finished startup: PreviousExperimentProvider
1452501280434	DeferredSave.extensions.json	DEBUG	Write succeeded
1452501280434	addons.xpi-utils	DEBUG	XPI Database saved, setting schema version preference to 17
1452501280576	DeferredSave.addons.json	DEBUG	Starting write
1452501281116	DeferredSave.addons.json	DEBUG	Write succeeded
1452501301321	addons.manager	DEBUG	shutdown
1452501301322	addons.manager	DEBUG	Calling shutdown blocker for XPIProvider
1452501301322	addons.xpi	DEBUG	shutdown
1452501301322	addons.xpi-utils	DEBUG	shutdown
1452501301322	addons.manager	DEBUG	Calling shutdown blocker for LightweightThemeManager
1452501301322	addons.manager	DEBUG	Calling shutdown blocker for GMPProvider
1452501301323	addons.manager	DEBUG	Calling shutdown blocker for PluginProvider
1452501301323	addons.manager	DEBUG	Calling shutdown blocker for &amp;lt;unnamed-provider&amp;gt;
1452501301324	addons.manager	DEBUG	Calling shutdown blocker for PreviousExperimentProvider
1452501301326	addons.xpi	DEBUG	Notifying XPI shutdown observers
1452501301329	addons.manager	DEBUG	Async provider shutdown done

Build info: version: &amp;apos;2.48.2&amp;apos;, revision: &amp;apos;41bccdd&amp;apos;, time: &amp;apos;2015-10-09 19:55:52&amp;apos;
System info: host: &amp;apos;NeoD-mrathod&amp;apos;, ip: &amp;apos;192.168.1.41&amp;apos;, os.name: &amp;apos;Windows 7&amp;apos;, os.arch: &amp;apos;amd64&amp;apos;, os.version: &amp;apos;6.1&amp;apos;, java.version: &amp;apos;1.8.0_60&amp;apos;
Driver info: driver.version: FirefoxDriver">
      <![CDATA[org.openqa.selenium.WebDriverException: Failed to connect to binary FirefoxBinary(C:\Program Files\Mozilla Firefox\firefox.exe) on port 7055; process output follows: 
474-a285-3208198ce6fd}","syncGUID":"VXDNCviYECqa","location":"app-global","version":"43.0.4","type":"theme","internalName":"classic/1.0","updateURL":null,"updateKey":null,"optionsURL":null,"optionsType":null,"aboutURL":null,"iconURL":null,"icon64URL":null,"defaultLocale":{"name":"Default","description":"The default theme.","creator":"Mozilla","homepageURL":null,"contributors":["Mozilla Contributors"]},"visible":true,"active":true,"userDisabled":false,"appDisabled":false,"descriptor":"C:\\Program Files\\Mozilla Firefox\\browser\\extensions\\{972ce4c6-7e08-4474-a285-3208198ce6fd}","installDate":1452501263331,"updateDate":1452501263331,"applyBackgroundUpdates":1,"skinnable":true,"size":24172,"sourceURI":null,"releaseNotesURI":null,"softDisabled":false,"foreignInstall":false,"hasBinaryComponents":false,"strictCompatibility":true,"locales":[],"targetApplications":[{"id":"{ec8030f7-c20a-464f-9b0e-13a3a9e97384}","minVersion":"43.0.4","maxVersion":"43.0.4"}],"targetPlatforms":[]}
1452501278665	addons.xpi	DEBUG	getModTime: Recursive scan of {972ce4c6-7e08-4474-a285-3208198ce6fd}
1452501278666	DeferredSave.extensions.json	DEBUG	Save changes
1452501278667	addons.xpi	DEBUG	Updating database with changes to installed add-ons
1452501278667	addons.xpi-utils	DEBUG	Updating add-on states
1452501278667	addons.xpi-utils	DEBUG	Writing add-ons list
1452501278681	addons.manager	DEBUG	Registering shutdown blocker for XPIProvider
1452501278681	addons.manager	DEBUG	Provider finished startup: XPIProvider
1452501278682	addons.manager	DEBUG	Starting provider: LightweightThemeManager
1452501278682	addons.manager	DEBUG	Registering shutdown blocker for LightweightThemeManager
1452501278682	addons.manager	DEBUG	Provider finished startup: LightweightThemeManager
1452501278683	addons.manager	DEBUG	Starting provider: GMPProvider
1452501278690	addons.manager	DEBUG	Registering shutdown blocker for GMPProvider
1452501278690	addons.manager	DEBUG	Provider finished startup: GMPProvider
1452501278691	addons.manager	DEBUG	Starting provider: PluginProvider
1452501278691	addons.manager	DEBUG	Registering shutdown blocker for PluginProvider
1452501278691	addons.manager	DEBUG	Provider finished startup: PluginProvider
1452501278691	addons.manager	DEBUG	Completed startup sequence
1452501279588	addons.manager	DEBUG	Starting provider: <unnamed-provider>
1452501279588	addons.manager	DEBUG	Registering shutdown blocker for <unnamed-provider>
1452501279589	addons.manager	DEBUG	Provider finished startup: <unnamed-provider>
1452501280189	DeferredSave.extensions.json	DEBUG	Starting write
1452501280421	addons.repository	DEBUG	No addons.json found.
1452501280421	DeferredSave.addons.json	DEBUG	Save changes
1452501280423	DeferredSave.addons.json	DEBUG	Starting timer
1452501280432	addons.manager	DEBUG	Starting provider: PreviousExperimentProvider
1452501280432	addons.manager	DEBUG	Registering shutdown blocker for PreviousExperimentProvider
1452501280432	addons.manager	DEBUG	Provider finished startup: PreviousExperimentProvider
1452501280434	DeferredSave.extensions.json	DEBUG	Write succeeded
1452501280434	addons.xpi-utils	DEBUG	XPI Database saved, setting schema version preference to 17
1452501280576	DeferredSave.addons.json	DEBUG	Starting write
1452501281116	DeferredSave.addons.json	DEBUG	Write succeeded
1452501301321	addons.manager	DEBUG	shutdown
1452501301322	addons.manager	DEBUG	Calling shutdown blocker for XPIProvider
1452501301322	addons.xpi	DEBUG	shutdown
1452501301322	addons.xpi-utils	DEBUG	shutdown
1452501301322	addons.manager	DEBUG	Calling shutdown blocker for LightweightThemeManager
1452501301322	addons.manager	DEBUG	Calling shutdown blocker for GMPProvider
1452501301323	addons.manager	DEBUG	Calling shutdown blocker for PluginProvider
1452501301323	addons.manager	DEBUG	Calling shutdown blocker for <unnamed-provider>
1452501301324	addons.manager	DEBUG	Calling shutdown blocker for PreviousExperimentProvider
1452501301326	addons.xpi	DEBUG	Notifying XPI shutdown observers
1452501301329	addons.manager	DEBUG	Async provider shutdown done

Build info: version: '2.48.2', revision: '41bccdd', time: '2015-10-09 19:55:52'
System info: host: 'NeoD-mrathod', ip: '192.168.1.41', os.name: 'Windows 7', os.arch: 'amd64', os.version: '6.1', java.version: '1.8.0_60'
Driver info: driver.version: FirefoxDriver
	at org.openqa.selenium.firefox.internal.NewProfileExtensionConnection.start(NewProfileExtensionConnection.java:134)
	at org.openqa.selenium.firefox.FirefoxDriver.startClient(FirefoxDriver.java:271)
	at org.openqa.selenium.remote.RemoteWebDriver.<init>(RemoteWebDriver.java:117)
	at org.openqa.selenium.firefox.FirefoxDriver.<init>(FirefoxDriver.java:218)
	at org.openqa.selenium.firefox.FirefoxDriver.<init>(FirefoxDriver.java:211)
	at org.openqa.selenium.firefox.FirefoxDriver.<init>(FirefoxDriver.java:207)
	at org.openqa.selenium.firefox.FirefoxDriver.<init>(FirefoxDriver.java:120)
	at homepage.NewTest1.f(NewTest1.java:22)
	at sun.reflect.NativeMethodAccessorImpl.invoke0(Native Method)
	at sun.reflect.NativeMethodAccessorImpl.invoke(Unknown Source)
	at sun.reflect.DelegatingMethodAccessorImpl.invoke(Unknown Source)
	at java.lang.reflect.Method.invoke(Unknown Source)
	at org.testng.internal.MethodInvocationHelper.invokeMethod(MethodInvocationHelper.java:85)
	at org.testng.internal.Invoker.invokeMethod(Invoker.java:639)
	at org.testng.internal.Invoker.invokeTestMethod(Invoker.java:816)
	at org.testng.internal.Invoker.invokeTestMethods(Invoker.java:1124)
	at org.testng.internal.TestMethodWorker.invokeTestMethods(TestMethodWorker.java:125)
	at org.testng.internal.TestMethodWorker.run(TestMethodWorker.java:108)
	at org.testng.TestRunner.privateRun(TestRunner.java:774)
	at org.testng.TestRunner.run(TestRunner.java:624)
	at org.testng.SuiteRunner.runTest(SuiteRunner.java:359)
	at org.testng.SuiteRunner.runSequentially(SuiteRunner.java:354)
	at org.testng.SuiteRunner.privateRun(SuiteRunner.java:312)
	at org.testng.SuiteRunner.run(SuiteRunner.java:261)
	at org.testng.SuiteRunnerWorker.runSuite(SuiteRunnerWorker.java:52)
	at org.testng.SuiteRunnerWorker.run(SuiteRunnerWorker.java:86)
	at org.testng.TestNG.runSuitesSequentially(TestNG.java:1191)
	at org.testng.TestNG.runSuitesLocally(TestNG.java:1116)
	at org.testng.TestNG.run(TestNG.java:1024)
	at org.testng.remote.RemoteTestNG.run(RemoteTestNG.java:112)
	at org.testng.remote.RemoteTestNG.initAndRun(RemoteTestNG.java:205)
	at org.testng.remote.RemoteTestNG.main(RemoteTestNG.java:176)
Caused by: org.openqa.selenium.firefox.NotConnectedException: Unable to connect to host 127.0.0.1 on port 7055 after 45000 ms. Firefox console output:
474-a285-3208198ce6fd}","syncGUID":"VXDNCviYECqa","location":"app-global","version":"43.0.4","type":"theme","internalName":"classic/1.0","updateURL":null,"updateKey":null,"optionsURL":null,"optionsType":null,"aboutURL":null,"iconURL":null,"icon64URL":null,"defaultLocale":{"name":"Default","description":"The default theme.","creator":"Mozilla","homepageURL":null,"contributors":["Mozilla Contributors"]},"visible":true,"active":true,"userDisabled":false,"appDisabled":false,"descriptor":"C:\\Program Files\\Mozilla Firefox\\browser\\extensions\\{972ce4c6-7e08-4474-a285-3208198ce6fd}","installDate":1452501263331,"updateDate":1452501263331,"applyBackgroundUpdates":1,"skinnable":true,"size":24172,"sourceURI":null,"releaseNotesURI":null,"softDisabled":false,"foreignInstall":false,"hasBinaryComponents":false,"strictCompatibility":true,"locales":[],"targetApplications":[{"id":"{ec8030f7-c20a-464f-9b0e-13a3a9e97384}","minVersion":"43.0.4","maxVersion":"43.0.4"}],"targetPlatforms":[]}
1452501278665	addons.xpi	DEBUG	getModTime: Recursive scan of {972ce4c6-7e08-4474-a285-3208198ce6fd}
1452501278666	DeferredSave.extensions.json	DEBUG	Save changes
1452501278667	addons.xpi	DEBUG	Updating database with changes to installed add-ons
1452501278667	addons.xpi-utils	DEBUG	Updating add-on states
1452501278667	addons.xpi-utils	DEBUG	Writing add-ons list
1452501278681	addons.manager	DEBUG	Registering shutdown blocker for XPIProvider
1452501278681	addons.manager	DEBUG	Provider finished startup: XPIProvider
1452501278682	addons.manager	DEBUG	Starting provider: LightweightThemeManager
1452501278682	addons.manager	DEBUG	Registering shutdown blocker for LightweightThemeManager
1452501278682	addons.manager	DEBUG	Provider finished startup: LightweightThemeManager
1452501278683	addons.manager	DEBUG	Starting provider: GMPProvider
1452501278690	addons.manager	DEBUG	Registering shutdown blocker for GMPProvider
1452501278690	addons.manager	DEBUG	Provider finished startup: GMPProvider
1452501278691	addons.manager	DEBUG	Starting provider: PluginProvider
1452501278691	addons.manager	DEBUG	Registering shutdown blocker for PluginProvider
1452501278691	addons.manager	DEBUG	Provider finished startup: PluginProvider
1452501278691	addons.manager	DEBUG	Completed startup sequence
1452501279588	addons.manager	DEBUG	Starting provider: <unnamed-provider>
1452501279588	addons.manager	DEBUG	Registering shutdown blocker for <unnamed-provider>
1452501279589	addons.manager	DEBUG	Provider finished startup: <unnamed-provider>
1452501280189	DeferredSave.extensions.json	DEBUG	Starting write
1452501280421	addons.repository	DEBUG	No addons.json found.
1452501280421	DeferredSave.addons.json	DEBUG	Save changes
1452501280423	DeferredSave.addons.json	DEBUG	Starting timer
1452501280432	addons.manager	DEBUG	Starting provider: PreviousExperimentProvider
1452501280432	addons.manager	DEBUG	Registering shutdown blocker for PreviousExperimentProvider
1452501280432	addons.manager	DEBUG	Provider finished startup: PreviousExperimentProvider
1452501280434	DeferredSave.extensions.json	DEBUG	Write succeeded
1452501280434	addons.xpi-utils	DEBUG	XPI Database saved, setting schema version preference to 17
1452501280576	DeferredSave.addons.json	DEBUG	Starting write
1452501281116	DeferredSave.addons.json	DEBUG	Write succeeded
1452501301321	addons.manager	DEBUG	shutdown
1452501301322	addons.manager	DEBUG	Calling shutdown blocker for XPIProvider
1452501301322	addons.xpi	DEBUG	shutdown
1452501301322	addons.xpi-utils	DEBUG	shutdown
1452501301322	addons.manager	DEBUG	Calling shutdown blocker for LightweightThemeManager
1452501301322	addons.manager	DEBUG	Calling shutdown blocker for GMPProvider
1452501301323	addons.manager	DEBUG	Calling shutdown blocker for PluginProvider
1452501301323	addons.manager	DEBUG	Calling shutdown blocker for <unnamed-provider>
1452501301324	addons.manager	DEBUG	Calling shutdown blocker for PreviousExperimentProvider
1452501301326	addons.xpi	DEBUG	Notifying XPI shutdown observers
1452501301329	addons.manager	DEBUG	Async provider shutdown done

	at org.openqa.selenium.firefox.internal.NewProfileExtensionConnection.start(NewProfileExtensionConnection.java:122)
	... 31 more
]]>
    </failure>
  </testcase> <!-- f -->
</testsuite> <!-- Default test -->
