<?xml version="1.0" encoding="UTF-8"?>
<testng-results skipped="0" failed="0" total="1" passed="1">
  <reporter-output>
  </reporter-output>
  <suite name="Demo" duration-ms="31" started-at="2015-12-23T18:10:38Z" finished-at="2015-12-23T18:10:38Z">
    <groups>
    </groups>
    <test name="TC001" duration-ms="31" started-at="2015-12-23T18:10:38Z" finished-at="2015-12-23T18:10:38Z">
      <class name="SampleAnt">
        <test-method status="PASS" signature="print()" name="print" duration-ms="15" started-at="2015-12-23T18:10:38Z" finished-at="2015-12-23T18:10:38Z">
        </test-method>
      </class>
    </test>
  </suite>
</testng-results>
